<?xml version="1.0" encoding="UTF-8"?>
<testng-results ignored="0" total="1" passed="1" failed="0" skipped="0">
  <reporter-output>
  </reporter-output>
  <suite started-at="2023-11-27T17:03:31 IST" name="Default suite" finished-at="2023-11-27T17:04:08 IST" duration-ms="37796">
    <groups>
      <group name="cucumber">
        <method signature="AbstractTestNGCucumberTests.runScenario(io.cucumber.testng.PickleWrapper,io.cucumber.testng.FeatureWrapper)[pri:0, instance:com.demo.project.MagicBricks.AppTest@48075da3]" name="runScenario" class="io.cucumber.testng.AbstractTestNGCucumberTests"/>
      </group> <!-- cucumber -->
    </groups>
    <test started-at="2023-11-27T17:03:31 IST" name="Default test" finished-at="2023-11-27T17:04:08 IST" duration-ms="37796">
      <class name="com.demo.project.MagicBricks.AppTest">
        <test-method is-config="true" signature="setUpClass(org.testng.ITestContext)[pri:0, instance:com.demo.project.MagicBricks.AppTest@48075da3]" started-at="2023-11-27T17:03:31 IST" name="setUpClass" finished-at="2023-11-27T17:03:31 IST" duration-ms="374" status="PASS">
          <params>
            <param index="0">
              <value>
                <![CDATA[org.testng.TestRunner@869d87c]]>
              </value>
            </param>
          </params>
          <reporter-output>
          </reporter-output>
        </test-method> <!-- setUpClass -->
        <test-method signature="runScenario(io.cucumber.testng.PickleWrapper,io.cucumber.testng.FeatureWrapper)[pri:0, instance:com.demo.project.MagicBricks.AppTest@48075da3]" started-at="2023-11-27T17:03:31 IST" name="runScenario" description="Runs Cucumber Scenarios" data-provider="scenarios" finished-at="2023-11-27T17:04:08 IST" duration-ms="37332" status="PASS">
          <params>
            <param index="0">
              <value>
                <![CDATA["Checking the user salary is eligible"]]>
              </value>
            </param>
            <param index="1">
              <value>
                <![CDATA["To check the Eligibility of home loan and calculate emi of the user"]]>
              </value>
            </param>
          </params>
          <reporter-output>
          </reporter-output>
        </test-method> <!-- runScenario -->
        <test-method is-config="true" signature="tearDownClass()[pri:0, instance:com.demo.project.MagicBricks.AppTest@48075da3]" started-at="2023-11-27T17:04:08 IST" name="tearDownClass" finished-at="2023-11-27T17:04:08 IST" duration-ms="5" status="PASS">
          <reporter-output>
          </reporter-output>
        </test-method> <!-- tearDownClass -->
      </class> <!-- com.demo.project.MagicBricks.AppTest -->
    </test> <!-- Default test -->
  </suite> <!-- Default suite -->
</testng-results>
